Command line:
   mod_MulStageNEW_mod_MulStageNEW_sch_tb_isim_beh.exe
     -simmode  gui
     -simrunnum  0
     -socket  59856

Tue Oct 17 05:48:48 2017


 Elaboration Time: 0.046875 sec

 Current Memory Usage: 999.137 Meg

 Total Signals          : 52
 Total Nets             : 141
 Total Signal Drivers   : 24
 Total Blocks           : 6
 Total Primitive Blocks : 4
 Total Processes        : 30
 Total Traceable Variables  : 32
 Total Scalar Nets and Variables : 311
Total Line Count : 122

 Total Simulation Time: 0.0625 sec

 Current Memory Usage: 999.137 Meg

Tue Oct 17 05:48:54 2017

