Command line:
   mod_ParamFetchStage_mod_ParamFetchStage_sch_tb_isim_beh.exe
     -simmode  gui
     -simrunnum  0
     -socket  65143

Sun Oct 15 19:45:14 2017


 Elaboration Time: 0.078125 sec

 Current Memory Usage: 999.178 Meg

 Total Signals          : 65
 Total Nets             : 197
 Total Signal Drivers   : 24
 Total Blocks           : 7
 Total Primitive Blocks : 5
 Total Processes        : 37
 Total Traceable Variables  : 38
 Total Scalar Nets and Variables : 493
Total Line Count : 207

 Total Simulation Time: 0.140625 sec

 Current Memory Usage: 841.892 Meg

Sun Oct 15 19:46:22 2017

