Command line:
   mod_AddStage_mod_AddStage_sch_tb_isim_beh.exe
     -simmode  gui
     -simrunnum  0
     -socket  60081

Thu Oct 19 15:59:03 2017


 Elaboration Time: 0.046875 sec

 Current Memory Usage: 999.674 Meg

 Total Signals          : 55
 Total Nets             : 171
 Total Signal Drivers   : 28
 Total Blocks           : 7
 Total Primitive Blocks : 4
 Total Processes        : 38
 Total Traceable Variables  : 42
 Total Scalar Nets and Variables : 381
Total Line Count : 229

 Total Simulation Time: 0.09375 sec

 Current Memory Usage: 1314.25 Meg

Thu Oct 19 15:59:45 2017

