Running: C:\Xilinx\14.7\ISE_DS\ISE\bin\nt64\unwrapped\fuse.exe -intstyle ise -incremental -lib unisims_ver -lib unimacro_ver -lib xilinxcorelib_ver -o C:/Users/Guy/Documents/Verilog Projects/NeuroSpider/NeuroSpider/mod_ParamFetchStage_mod_ParamFetchStage_sch_tb_isim_beh.exe -prj C:/Users/Guy/Documents/Verilog Projects/NeuroSpider/NeuroSpider/mod_ParamFetchStage_mod_ParamFetchStage_sch_tb_beh.prj work.mod_ParamFetchStage_mod_ParamFetchStage_sch_tb work.glbl 
ISim P.20131013 (signature 0x7708f090)
Number of CPUs detected in this system: 4
Turning on mult-threading, number of parallel sub-compilation jobs: 8 
Determining compilation order of HDL files
Analyzing Verilog file "C:/Users/Guy/Documents/Verilog Projects/NeuroSpider/NeuroSpider/REG16.v" into library work
Analyzing Verilog file "C:/Users/Guy/Documents/Verilog Projects/NeuroSpider/NeuroSpider/mod_TriStateMachine.v" into library work
Analyzing Verilog file "C:/Users/Guy/Documents/Verilog Projects/NeuroSpider/NeuroSpider/mod_ParamFetch.v" into library work
Analyzing Verilog file "C:/Users/Guy/Documents/Verilog Projects/NeuroSpider/NeuroSpider/mod_ParamFetchStage.vf" into library work
Analyzing Verilog file "C:/Users/Guy/Documents/Verilog Projects/NeuroSpider/NeuroSpider/test_ParamFetchStage.v" into library work
Analyzing Verilog file "C:/Xilinx/14.7/ISE_DS/ISE//verilog/src/glbl.v" into library work
Starting static elaboration
Completed static elaboration
Compiling module REG16
Compiling module mod_ParamFetch
Compiling module mod_TriStateMachine
Compiling module mod_ParamFetchStage
Compiling module mod_ParamFetchStage_mod_ParamFet...
Compiling module glbl
Time Resolution for simulation is 1ps.
Waiting for 1 sub-compilation(s) to finish...
Compiled 6 Verilog Units
Built simulation executable C:/Users/Guy/Documents/Verilog Projects/NeuroSpider/NeuroSpider/mod_ParamFetchStage_mod_ParamFetchStage_sch_tb_isim_beh.exe
Fuse Memory Usage: 27676 KB
Fuse CPU Usage: 546 ms
