Release 14.7 Map P.20131013 (nt64)
Xilinx Mapping Report File for Design 'mod_Controller'

Design Information
------------------
Command Line   : map -intstyle ise -p xc3s1600e-fg484-5 -cm area -ir off -pr off
-c 100 -o mod_Controller_map.ncd mod_Controller.ngd mod_Controller.pcf 
Target Device  : xc3s1600e
Target Package : fg484
Target Speed   : -5
Mapper Version : spartan3e -- $Revision: 1.55 $
Mapped Date    : Tue Oct 17 06:38:06 2017

Design Summary
--------------
Number of errors:      0
Number of warnings:    0
Logic Utilization:
  Number of Slice Flip Flops:            57 out of  29,504    1%
  Number of 4 input LUTs:               181 out of  29,504    1%
Logic Distribution:
  Number of occupied Slices:            123 out of  14,752    1%
    Number of Slices containing only related logic:     123 out of     123 100%
    Number of Slices containing unrelated logic:          0 out of     123   0%
      *See NOTES below for an explanation of the effects of unrelated logic.
  Total Number of 4 input LUTs:         181 out of  29,504    1%
  Number of bonded IOBs:                207 out of     376   55%
    IOB Flip Flops:                       5
  Number of BUFGMUXs:                     1 out of      24    4%

Average Fanout of Non-Clock Nets:                2.66

Peak Memory Usage:  326 MB
Total REAL time to MAP completion:  1 secs 
Total CPU time to MAP completion:   1 secs 

NOTES:

   Related logic is defined as being logic that shares connectivity - e.g. two
   LUTs are "related" if they share common inputs.  When assembling slices,
   Map gives priority to combine logic that is related.  Doing so results in
   the best timing performance.

   Unrelated logic shares no connectivity.  Map will only begin packing
   unrelated logic into a slice once 99% of the slices are occupied through
   related logic packing.

   Note that once logic distribution reaches the 99% level through related
   logic packing, this does not mean the device is completely utilized.
   Unrelated logic packing will then begin, continuing until all usable LUTs
   and FFs are occupied.  Depending on your timing budget, increased levels of
   unrelated logic packing may adversely affect the overall timing performance
   of your design.

Table of Contents
-----------------
Section 1 - Errors
Section 2 - Warnings
Section 3 - Informational
Section 4 - Removed Logic Summary
Section 5 - Removed Logic
Section 6 - IOB Properties
Section 7 - RPMs
Section 8 - Guide Report
Section 9 - Area Group and Partition Summary
Section 10 - Timing Report
Section 11 - Configuration String Information
Section 12 - Control Set Information
Section 13 - Utilization by Hierarchy

Section 1 - Errors
------------------

Section 2 - Warnings
--------------------

Section 3 - Informational
-------------------------
INFO:MapLib:562 - No environment variables are currently set.
INFO:LIT:244 - All of the single ended outputs in this design are using slew
   rate limited output drivers. The delay on speed critical single ended outputs
   can be dramatically reduced by designating them as fast outputs.

Section 4 - Removed Logic Summary
---------------------------------
   1 block(s) optimized away

Section 5 - Removed Logic
-------------------------

Optimized Block(s):
TYPE 		BLOCK
GND 		XST_GND

Section 6 - IOB Properties
--------------------------

+---------------------------------------------------------------------------------------------------------------------------------------------------------+
| IOB Name                           | Type             | Direction | IO Standard          | Diff  | Drive    | Slew | Reg (s)      | Resistor | IOB      |
|                                    |                  |           |                      | Term  | Strength | Rate |              |          | Delay    |
+---------------------------------------------------------------------------------------------------------------------------------------------------------+
| AddrInIndex<0>                     | IOB              | OUTPUT    | LVCMOS25             |       | 12       | SLOW |              |          | 0 / 0    |
| AddrInIndex<1>                     | IOB              | OUTPUT    | LVCMOS25             |       | 12       | SLOW |              |          | 0 / 0    |
| AddrInIndex<2>                     | IOB              | OUTPUT    | LVCMOS25             |       | 12       | SLOW |              |          | 0 / 0    |
| AddrInIndex<3>                     | IOB              | OUTPUT    | LVCMOS25             |       | 12       | SLOW |              |          | 0 / 0    |
| AddrInIndex<4>                     | IOB              | OUTPUT    | LVCMOS25             |       | 12       | SLOW |              |          | 0 / 0    |
| AddrInIndex<5>                     | IOB              | OUTPUT    | LVCMOS25             |       | 12       | SLOW |              |          | 0 / 0    |
| AddrInIndex<6>                     | IOB              | OUTPUT    | LVCMOS25             |       | 12       | SLOW |              |          | 0 / 0    |
| AddrInIndex<7>                     | IOB              | OUTPUT    | LVCMOS25             |       | 12       | SLOW |              |          | 0 / 0    |
| AddrInIndex<8>                     | IOB              | OUTPUT    | LVCMOS25             |       | 12       | SLOW |              |          | 0 / 0    |
| AddrInIndex<9>                     | IOB              | OUTPUT    | LVCMOS25             |       | 12       | SLOW |              |          | 0 / 0    |
| AddrInIndex<10>                    | IOB              | OUTPUT    | LVCMOS25             |       | 12       | SLOW |              |          | 0 / 0    |
| AddrInIndex<11>                    | IOB              | OUTPUT    | LVCMOS25             |       | 12       | SLOW |              |          | 0 / 0    |
| AddrInIndex<12>                    | IOB              | OUTPUT    | LVCMOS25             |       | 12       | SLOW |              |          | 0 / 0    |
| AddrInIndex<13>                    | IOB              | OUTPUT    | LVCMOS25             |       | 12       | SLOW |              |          | 0 / 0    |
| AddrInIndex<14>                    | IOB              | OUTPUT    | LVCMOS25             |       | 12       | SLOW |              |          | 0 / 0    |
| AddrInIndex<15>                    | IOB              | OUTPUT    | LVCMOS25             |       | 12       | SLOW |              |          | 0 / 0    |
| AddrInLayer<0>                     | IOB              | OUTPUT    | LVCMOS25             |       | 12       | SLOW |              |          | 0 / 0    |
| AddrInLayer<1>                     | IOB              | OUTPUT    | LVCMOS25             |       | 12       | SLOW |              |          | 0 / 0    |
| AddrInLayer<2>                     | IOB              | OUTPUT    | LVCMOS25             |       | 12       | SLOW |              |          | 0 / 0    |
| AddrInLayer<3>                     | IOB              | OUTPUT    | LVCMOS25             |       | 12       | SLOW |              |          | 0 / 0    |
| AddrInLayer<4>                     | IOB              | OUTPUT    | LVCMOS25             |       | 12       | SLOW |              |          | 0 / 0    |
| AddrInLayer<5>                     | IOB              | OUTPUT    | LVCMOS25             |       | 12       | SLOW |              |          | 0 / 0    |
| AddrInLayer<6>                     | IOB              | OUTPUT    | LVCMOS25             |       | 12       | SLOW |              |          | 0 / 0    |
| AddrInLayer<7>                     | IOB              | OUTPUT    | LVCMOS25             |       | 12       | SLOW |              |          | 0 / 0    |
| AddrInLayer<8>                     | IOB              | OUTPUT    | LVCMOS25             |       | 12       | SLOW |              |          | 0 / 0    |
| AddrInLayer<9>                     | IOB              | OUTPUT    | LVCMOS25             |       | 12       | SLOW |              |          | 0 / 0    |
| AddrInLayer<10>                    | IOB              | OUTPUT    | LVCMOS25             |       | 12       | SLOW |              |          | 0 / 0    |
| AddrInLayer<11>                    | IOB              | OUTPUT    | LVCMOS25             |       | 12       | SLOW |              |          | 0 / 0    |
| AddrInLayer<12>                    | IOB              | OUTPUT    | LVCMOS25             |       | 12       | SLOW |              |          | 0 / 0    |
| AddrInLayer<13>                    | IOB              | OUTPUT    | LVCMOS25             |       | 12       | SLOW |              |          | 0 / 0    |
| AddrInLayer<14>                    | IOB              | OUTPUT    | LVCMOS25             |       | 12       | SLOW |              |          | 0 / 0    |
| AddrInLayer<15>                    | IOB              | OUTPUT    | LVCMOS25             |       | 12       | SLOW |              |          | 0 / 0    |
| AddrInWeights<0>                   | IOB              | OUTPUT    | LVCMOS25             |       | 12       | SLOW |              |          | 0 / 0    |
| AddrInWeights<1>                   | IOB              | OUTPUT    | LVCMOS25             |       | 12       | SLOW |              |          | 0 / 0    |
| AddrInWeights<2>                   | IOB              | OUTPUT    | LVCMOS25             |       | 12       | SLOW |              |          | 0 / 0    |
| AddrInWeights<3>                   | IOB              | OUTPUT    | LVCMOS25             |       | 12       | SLOW |              |          | 0 / 0    |
| AddrInWeights<4>                   | IOB              | OUTPUT    | LVCMOS25             |       | 12       | SLOW |              |          | 0 / 0    |
| AddrInWeights<5>                   | IOB              | OUTPUT    | LVCMOS25             |       | 12       | SLOW |              |          | 0 / 0    |
| AddrInWeights<6>                   | IOB              | OUTPUT    | LVCMOS25             |       | 12       | SLOW |              |          | 0 / 0    |
| AddrInWeights<7>                   | IOB              | OUTPUT    | LVCMOS25             |       | 12       | SLOW |              |          | 0 / 0    |
| AddrInWeights<8>                   | IOB              | OUTPUT    | LVCMOS25             |       | 12       | SLOW |              |          | 0 / 0    |
| AddrInWeights<9>                   | IOB              | OUTPUT    | LVCMOS25             |       | 12       | SLOW |              |          | 0 / 0    |
| AddrInWeights<10>                  | IOB              | OUTPUT    | LVCMOS25             |       | 12       | SLOW |              |          | 0 / 0    |
| AddrInWeights<11>                  | IOB              | OUTPUT    | LVCMOS25             |       | 12       | SLOW |              |          | 0 / 0    |
| AddrInWeights<12>                  | IOB              | OUTPUT    | LVCMOS25             |       | 12       | SLOW |              |          | 0 / 0    |
| AddrInWeights<13>                  | IOB              | OUTPUT    | LVCMOS25             |       | 12       | SLOW |              |          | 0 / 0    |
| AddrInWeights<14>                  | IOB              | OUTPUT    | LVCMOS25             |       | 12       | SLOW |              |          | 0 / 0    |
| AddrInWeights<15>                  | IOB              | OUTPUT    | LVCMOS25             |       | 12       | SLOW |              |          | 0 / 0    |
| AddressInput<0>                    | IBUF             | INPUT     | LVCMOS25             |       |          |      |              |          | 0 / 0    |
| AddressInput<1>                    | IBUF             | INPUT     | LVCMOS25             |       |          |      |              |          | 0 / 0    |
| AddressInput<2>                    | IBUF             | INPUT     | LVCMOS25             |       |          |      |              |          | 0 / 0    |
| AddressInput<3>                    | IBUF             | INPUT     | LVCMOS25             |       |          |      |              |          | 0 / 0    |
| AddressInput<4>                    | IBUF             | INPUT     | LVCMOS25             |       |          |      |              |          | 0 / 0    |
| AddressInput<5>                    | IBUF             | INPUT     | LVCMOS25             |       |          |      |              |          | 0 / 0    |
| AddressInput<6>                    | IBUF             | INPUT     | LVCMOS25             |       |          |      |              |          | 0 / 0    |
| AddressInput<7>                    | IBUF             | INPUT     | LVCMOS25             |       |          |      |              |          | 0 / 0    |
| AddressInput<8>                    | IBUF             | INPUT     | LVCMOS25             |       |          |      |              |          | 0 / 0    |
| AddressInput<9>                    | IBUF             | INPUT     | LVCMOS25             |       |          |      |              |          | 0 / 0    |
| AddressInput<10>                   | IBUF             | INPUT     | LVCMOS25             |       |          |      |              |          | 0 / 0    |
| AddressInput<11>                   | IBUF             | INPUT     | LVCMOS25             |       |          |      |              |          | 0 / 0    |
| AddressInput<12>                   | IBUF             | INPUT     | LVCMOS25             |       |          |      |              |          | 0 / 0    |
| AddressInput<13>                   | IBUF             | INPUT     | LVCMOS25             |       |          |      |              |          | 0 / 0    |
| AddressInput<14>                   | IBUF             | INPUT     | LVCMOS25             |       |          |      |              |          | 0 / 0    |
| AddressInput<15>                   | IBUF             | INPUT     | LVCMOS25             |       |          |      |              |          | 0 / 0    |
| DataInIndex<0>                     | IOB              | OUTPUT    | LVCMOS25             |       | 12       | SLOW |              |          | 0 / 0    |
| DataInIndex<1>                     | IOB              | OUTPUT    | LVCMOS25             |       | 12       | SLOW |              |          | 0 / 0    |
| DataInIndex<2>                     | IOB              | OUTPUT    | LVCMOS25             |       | 12       | SLOW |              |          | 0 / 0    |
| DataInIndex<3>                     | IOB              | OUTPUT    | LVCMOS25             |       | 12       | SLOW |              |          | 0 / 0    |
| DataInIndex<4>                     | IOB              | OUTPUT    | LVCMOS25             |       | 12       | SLOW |              |          | 0 / 0    |
| DataInIndex<5>                     | IOB              | OUTPUT    | LVCMOS25             |       | 12       | SLOW |              |          | 0 / 0    |
| DataInIndex<6>                     | IOB              | OUTPUT    | LVCMOS25             |       | 12       | SLOW |              |          | 0 / 0    |
| DataInIndex<7>                     | IOB              | OUTPUT    | LVCMOS25             |       | 12       | SLOW |              |          | 0 / 0    |
| DataInIndex<8>                     | IOB              | OUTPUT    | LVCMOS25             |       | 12       | SLOW |              |          | 0 / 0    |
| DataInIndex<9>                     | IOB              | OUTPUT    | LVCMOS25             |       | 12       | SLOW |              |          | 0 / 0    |
| DataInIndex<10>                    | IOB              | OUTPUT    | LVCMOS25             |       | 12       | SLOW |              |          | 0 / 0    |
| DataInIndex<11>                    | IOB              | OUTPUT    | LVCMOS25             |       | 12       | SLOW |              |          | 0 / 0    |
| DataInIndex<12>                    | IOB              | OUTPUT    | LVCMOS25             |       | 12       | SLOW |              |          | 0 / 0    |
| DataInIndex<13>                    | IOB              | OUTPUT    | LVCMOS25             |       | 12       | SLOW |              |          | 0 / 0    |
| DataInIndex<14>                    | IOB              | OUTPUT    | LVCMOS25             |       | 12       | SLOW |              |          | 0 / 0    |
| DataInIndex<15>                    | IOB              | OUTPUT    | LVCMOS25             |       | 12       | SLOW |              |          | 0 / 0    |
| DataInLayer<0>                     | IOB              | OUTPUT    | LVCMOS25             |       | 12       | SLOW |              |          | 0 / 0    |
| DataInLayer<1>                     | IOB              | OUTPUT    | LVCMOS25             |       | 12       | SLOW |              |          | 0 / 0    |
| DataInLayer<2>                     | IOB              | OUTPUT    | LVCMOS25             |       | 12       | SLOW |              |          | 0 / 0    |
| DataInLayer<3>                     | IOB              | OUTPUT    | LVCMOS25             |       | 12       | SLOW |              |          | 0 / 0    |
| DataInLayer<4>                     | IOB              | OUTPUT    | LVCMOS25             |       | 12       | SLOW |              |          | 0 / 0    |
| DataInLayer<5>                     | IOB              | OUTPUT    | LVCMOS25             |       | 12       | SLOW |              |          | 0 / 0    |
| DataInLayer<6>                     | IOB              | OUTPUT    | LVCMOS25             |       | 12       | SLOW |              |          | 0 / 0    |
| DataInLayer<7>                     | IOB              | OUTPUT    | LVCMOS25             |       | 12       | SLOW |              |          | 0 / 0    |
| DataInLayer<8>                     | IOB              | OUTPUT    | LVCMOS25             |       | 12       | SLOW |              |          | 0 / 0    |
| DataInLayer<9>                     | IOB              | OUTPUT    | LVCMOS25             |       | 12       | SLOW |              |          | 0 / 0    |
| DataInLayer<10>                    | IOB              | OUTPUT    | LVCMOS25             |       | 12       | SLOW |              |          | 0 / 0    |
| DataInLayer<11>                    | IOB              | OUTPUT    | LVCMOS25             |       | 12       | SLOW |              |          | 0 / 0    |
| DataInLayer<12>                    | IOB              | OUTPUT    | LVCMOS25             |       | 12       | SLOW |              |          | 0 / 0    |
| DataInLayer<13>                    | IOB              | OUTPUT    | LVCMOS25             |       | 12       | SLOW |              |          | 0 / 0    |
| DataInLayer<14>                    | IOB              | OUTPUT    | LVCMOS25             |       | 12       | SLOW |              |          | 0 / 0    |
| DataInLayer<15>                    | IOB              | OUTPUT    | LVCMOS25             |       | 12       | SLOW |              |          | 0 / 0    |
| DataInWeights<0>                   | IOB              | OUTPUT    | LVCMOS25             |       | 12       | SLOW |              |          | 0 / 0    |
| DataInWeights<1>                   | IOB              | OUTPUT    | LVCMOS25             |       | 12       | SLOW |              |          | 0 / 0    |
| DataInWeights<2>                   | IOB              | OUTPUT    | LVCMOS25             |       | 12       | SLOW |              |          | 0 / 0    |
| DataInWeights<3>                   | IOB              | OUTPUT    | LVCMOS25             |       | 12       | SLOW |              |          | 0 / 0    |
| DataInWeights<4>                   | IOB              | OUTPUT    | LVCMOS25             |       | 12       | SLOW |              |          | 0 / 0    |
| DataInWeights<5>                   | IOB              | OUTPUT    | LVCMOS25             |       | 12       | SLOW |              |          | 0 / 0    |
| DataInWeights<6>                   | IOB              | OUTPUT    | LVCMOS25             |       | 12       | SLOW |              |          | 0 / 0    |
| DataInWeights<7>                   | IOB              | OUTPUT    | LVCMOS25             |       | 12       | SLOW |              |          | 0 / 0    |
| DataInWeights<8>                   | IOB              | OUTPUT    | LVCMOS25             |       | 12       | SLOW |              |          | 0 / 0    |
| DataInWeights<9>                   | IOB              | OUTPUT    | LVCMOS25             |       | 12       | SLOW |              |          | 0 / 0    |
| DataInWeights<10>                  | IOB              | OUTPUT    | LVCMOS25             |       | 12       | SLOW |              |          | 0 / 0    |
| DataInWeights<11>                  | IOB              | OUTPUT    | LVCMOS25             |       | 12       | SLOW |              |          | 0 / 0    |
| DataInWeights<12>                  | IOB              | OUTPUT    | LVCMOS25             |       | 12       | SLOW |              |          | 0 / 0    |
| DataInWeights<13>                  | IOB              | OUTPUT    | LVCMOS25             |       | 12       | SLOW |              |          | 0 / 0    |
| DataInWeights<14>                  | IOB              | OUTPUT    | LVCMOS25             |       | 12       | SLOW |              |          | 0 / 0    |
| DataInWeights<15>                  | IOB              | OUTPUT    | LVCMOS25             |       | 12       | SLOW |              |          | 0 / 0    |
| DataInput<0>                       | IBUF             | INPUT     | LVCMOS25             |       |          |      |              |          | 0 / 0    |
| DataInput<1>                       | IBUF             | INPUT     | LVCMOS25             |       |          |      |              |          | 0 / 0    |
| DataInput<2>                       | IBUF             | INPUT     | LVCMOS25             |       |          |      |              |          | 0 / 0    |
| DataInput<3>                       | IBUF             | INPUT     | LVCMOS25             |       |          |      |              |          | 0 / 0    |
| DataInput<4>                       | IBUF             | INPUT     | LVCMOS25             |       |          |      |              |          | 0 / 0    |
| DataInput<5>                       | IBUF             | INPUT     | LVCMOS25             |       |          |      |              |          | 0 / 0    |
| DataInput<6>                       | IBUF             | INPUT     | LVCMOS25             |       |          |      |              |          | 0 / 0    |
| DataInput<7>                       | IBUF             | INPUT     | LVCMOS25             |       |          |      |              |          | 0 / 0    |
| DataInput<8>                       | IBUF             | INPUT     | LVCMOS25             |       |          |      |              |          | 0 / 0    |
| DataInput<9>                       | IBUF             | INPUT     | LVCMOS25             |       |          |      |              |          | 0 / 0    |
| DataInput<10>                      | IBUF             | INPUT     | LVCMOS25             |       |          |      |              |          | 0 / 0    |
| DataInput<11>                      | IBUF             | INPUT     | LVCMOS25             |       |          |      |              |          | 0 / 0    |
| DataInput<12>                      | IBUF             | INPUT     | LVCMOS25             |       |          |      |              |          | 0 / 0    |
| DataInput<13>                      | IBUF             | INPUT     | LVCMOS25             |       |          |      |              |          | 0 / 0    |
| DataInput<14>                      | IBUF             | INPUT     | LVCMOS25             |       |          |      |              |          | 0 / 0    |
| DataInput<15>                      | IBUF             | INPUT     | LVCMOS25             |       |          |      |              |          | 0 / 0    |
| DataOutIndex<0>                    | IBUF             | INPUT     | LVCMOS25             |       |          |      |              |          | 0 / 0    |
| DataOutIndex<1>                    | IBUF             | INPUT     | LVCMOS25             |       |          |      |              |          | 0 / 0    |
| DataOutIndex<2>                    | IBUF             | INPUT     | LVCMOS25             |       |          |      |              |          | 0 / 0    |
| DataOutIndex<3>                    | IBUF             | INPUT     | LVCMOS25             |       |          |      |              |          | 0 / 0    |
| DataOutIndex<4>                    | IBUF             | INPUT     | LVCMOS25             |       |          |      |              |          | 0 / 0    |
| DataOutIndex<5>                    | IBUF             | INPUT     | LVCMOS25             |       |          |      |              |          | 0 / 0    |
| DataOutIndex<6>                    | IBUF             | INPUT     | LVCMOS25             |       |          |      |              |          | 0 / 0    |
| DataOutIndex<7>                    | IBUF             | INPUT     | LVCMOS25             |       |          |      |              |          | 0 / 0    |
| DataOutIndex<8>                    | IBUF             | INPUT     | LVCMOS25             |       |          |      |              |          | 0 / 0    |
| DataOutIndex<9>                    | IBUF             | INPUT     | LVCMOS25             |       |          |      |              |          | 0 / 0    |
| DataOutIndex<10>                   | IBUF             | INPUT     | LVCMOS25             |       |          |      |              |          | 0 / 0    |
| DataOutIndex<11>                   | IBUF             | INPUT     | LVCMOS25             |       |          |      |              |          | 0 / 0    |
| DataOutIndex<12>                   | IBUF             | INPUT     | LVCMOS25             |       |          |      |              |          | 0 / 0    |
| DataOutIndex<13>                   | IBUF             | INPUT     | LVCMOS25             |       |          |      |              |          | 0 / 0    |
| DataOutIndex<14>                   | IBUF             | INPUT     | LVCMOS25             |       |          |      |              |          | 0 / 0    |
| DataOutIndex<15>                   | IBUF             | INPUT     | LVCMOS25             |       |          |      |              |          | 0 / 0    |
| DataOutLayer<0>                    | IBUF             | INPUT     | LVCMOS25             |       |          |      |              |          | 0 / 0    |
| DataOutLayer<1>                    | IBUF             | INPUT     | LVCMOS25             |       |          |      |              |          | 0 / 0    |
| DataOutLayer<2>                    | IBUF             | INPUT     | LVCMOS25             |       |          |      |              |          | 0 / 0    |
| DataOutLayer<3>                    | IBUF             | INPUT     | LVCMOS25             |       |          |      |              |          | 0 / 0    |
| DataOutLayer<4>                    | IBUF             | INPUT     | LVCMOS25             |       |          |      |              |          | 0 / 0    |
| DataOutLayer<5>                    | IBUF             | INPUT     | LVCMOS25             |       |          |      |              |          | 0 / 0    |
| DataOutLayer<6>                    | IBUF             | INPUT     | LVCMOS25             |       |          |      |              |          | 0 / 0    |
| DataOutLayer<7>                    | IBUF             | INPUT     | LVCMOS25             |       |          |      |              |          | 0 / 0    |
| DataOutLayer<8>                    | IBUF             | INPUT     | LVCMOS25             |       |          |      |              |          | 0 / 0    |
| DataOutLayer<9>                    | IBUF             | INPUT     | LVCMOS25             |       |          |      |              |          | 0 / 0    |
| DataOutLayer<10>                   | IBUF             | INPUT     | LVCMOS25             |       |          |      |              |          | 0 / 0    |
| DataOutLayer<11>                   | IBUF             | INPUT     | LVCMOS25             |       |          |      |              |          | 0 / 0    |
| DataOutLayer<12>                   | IBUF             | INPUT     | LVCMOS25             |       |          |      |              |          | 0 / 0    |
| DataOutLayer<13>                   | IBUF             | INPUT     | LVCMOS25             |       |          |      |              |          | 0 / 0    |
| DataOutLayer<14>                   | IBUF             | INPUT     | LVCMOS25             |       |          |      |              |          | 0 / 0    |
| DataOutLayer<15>                   | IBUF             | INPUT     | LVCMOS25             |       |          |      |              |          | 0 / 0    |
| DataOutWeights<0>                  | IBUF             | INPUT     | LVCMOS25             |       |          |      |              |          | 0 / 0    |
| DataOutWeights<1>                  | IBUF             | INPUT     | LVCMOS25             |       |          |      |              |          | 0 / 0    |
| DataOutWeights<2>                  | IBUF             | INPUT     | LVCMOS25             |       |          |      |              |          | 0 / 0    |
| DataOutWeights<3>                  | IBUF             | INPUT     | LVCMOS25             |       |          |      |              |          | 0 / 0    |
| DataOutWeights<4>                  | IBUF             | INPUT     | LVCMOS25             |       |          |      |              |          | 0 / 0    |
| DataOutWeights<5>                  | IBUF             | INPUT     | LVCMOS25             |       |          |      |              |          | 0 / 0    |
| DataOutWeights<6>                  | IBUF             | INPUT     | LVCMOS25             |       |          |      |              |          | 0 / 0    |
| DataOutWeights<7>                  | IBUF             | INPUT     | LVCMOS25             |       |          |      |              |          | 0 / 0    |
| DataOutWeights<8>                  | IBUF             | INPUT     | LVCMOS25             |       |          |      |              |          | 0 / 0    |
| DataOutWeights<9>                  | IBUF             | INPUT     | LVCMOS25             |       |          |      |              |          | 0 / 0    |
| DataOutWeights<10>                 | IBUF             | INPUT     | LVCMOS25             |       |          |      |              |          | 0 / 0    |
| DataOutWeights<11>                 | IBUF             | INPUT     | LVCMOS25             |       |          |      |              |          | 0 / 0    |
| DataOutWeights<12>                 | IBUF             | INPUT     | LVCMOS25             |       |          |      |              |          | 0 / 0    |
| DataOutWeights<13>                 | IBUF             | INPUT     | LVCMOS25             |       |          |      |              |          | 0 / 0    |
| DataOutWeights<14>                 | IBUF             | INPUT     | LVCMOS25             |       |          |      |              |          | 0 / 0    |
| DataOutWeights<15>                 | IBUF             | INPUT     | LVCMOS25             |       |          |      |              |          | 0 / 0    |
| OpFinishMUXSIG                     | IBUF             | INPUT     | LVCMOS25             |       |          |      |              |          | 0 / 0    |
| OutputData<0>                      | IOB              | OUTPUT    | LVCMOS25             |       | 12       | SLOW |              |          | 0 / 0    |
| OutputData<1>                      | IOB              | OUTPUT    | LVCMOS25             |       | 12       | SLOW |              |          | 0 / 0    |
| OutputData<2>                      | IOB              | OUTPUT    | LVCMOS25             |       | 12       | SLOW |              |          | 0 / 0    |
| OutputData<3>                      | IOB              | OUTPUT    | LVCMOS25             |       | 12       | SLOW |              |          | 0 / 0    |
| OutputData<4>                      | IOB              | OUTPUT    | LVCMOS25             |       | 12       | SLOW |              |          | 0 / 0    |
| OutputData<5>                      | IOB              | OUTPUT    | LVCMOS25             |       | 12       | SLOW |              |          | 0 / 0    |
| OutputData<6>                      | IOB              | OUTPUT    | LVCMOS25             |       | 12       | SLOW |              |          | 0 / 0    |
| OutputData<7>                      | IOB              | OUTPUT    | LVCMOS25             |       | 12       | SLOW |              |          | 0 / 0    |
| OutputData<8>                      | IOB              | OUTPUT    | LVCMOS25             |       | 12       | SLOW |              |          | 0 / 0    |
| OutputData<9>                      | IOB              | OUTPUT    | LVCMOS25             |       | 12       | SLOW |              |          | 0 / 0    |
| OutputData<10>                     | IOB              | OUTPUT    | LVCMOS25             |       | 12       | SLOW |              |          | 0 / 0    |
| OutputData<11>                     | IOB              | OUTPUT    | LVCMOS25             |       | 12       | SLOW |              |          | 0 / 0    |
| OutputData<12>                     | IOB              | OUTPUT    | LVCMOS25             |       | 12       | SLOW |              |          | 0 / 0    |
| OutputData<13>                     | IOB              | OUTPUT    | LVCMOS25             |       | 12       | SLOW |              |          | 0 / 0    |
| OutputData<14>                     | IOB              | OUTPUT    | LVCMOS25             |       | 12       | SLOW |              |          | 0 / 0    |
| OutputData<15>                     | IOB              | OUTPUT    | LVCMOS25             |       | 12       | SLOW |              |          | 0 / 0    |
| ReadyForNextOperation              | IOB              | OUTPUT    | LVCMOS25             |       | 12       | SLOW |              |          | 0 / 0    |
| StartNeuronOperation               | IBUF             | INPUT     | LVCMOS25             |       |          |      |              |          | 0 / 0    |
| WEIndex                            | IOB              | OUTPUT    | LVCMOS25             |       | 12       | SLOW |              |          | 0 / 0    |
| WELayer                            | IOB              | OUTPUT    | LVCMOS25             |       | 12       | SLOW |              |          | 0 / 0    |
| WEWeights                          | IOB              | OUTPUT    | LVCMOS25             |       | 12       | SLOW |              |          | 0 / 0    |
| WriteEnable                        | IBUF             | INPUT     | LVCMOS25             |       |          |      |              |          | 0 / 0    |
| WriteReverse                       | IOB              | OUTPUT    | LVCMOS25             |       | 12       | SLOW | OFF1         |          | 0 / 0    |
| actFuncSel<0>                      | IOB              | OUTPUT    | LVCMOS25             |       | 12       | SLOW | OFF1         |          | 0 / 0    |
| actFuncSel<1>                      | IOB              | OUTPUT    | LVCMOS25             |       | 12       | SLOW | OFF1         |          | 0 / 0    |
| cacheSel<0>                        | IOB              | OUTPUT    | LVCMOS25             |       | 12       | SLOW | OFF1         |          | 0 / 0    |
| cacheSel<1>                        | IOB              | OUTPUT    | LVCMOS25             |       | 12       | SLOW | OFF1         |          | 0 / 0    |
| clk                                | IBUF             | INPUT     | LVCMOS25             |       |          |      |              |          | 0 / 0    |
| critical                           | IOB              | OUTPUT    | LVCMOS25             |       | 12       | SLOW |              |          | 0 / 0    |
| rst                                | IOB              | OUTPUT    | LVCMOS25             |       | 12       | SLOW |              |          | 0 / 0    |
+---------------------------------------------------------------------------------------------------------------------------------------------------------+

Section 7 - RPMs
----------------

Section 8 - Guide Report
------------------------
Guide not run on this design.

Section 9 - Area Group and Partition Summary
--------------------------------------------

Partition Implementation Status
-------------------------------

  No Partitions were found in this design.

-------------------------------

Area Group Information
----------------------

  No area groups were found in this design.

----------------------

Section 10 - Timing Report
--------------------------
This design was not run using timing mode.

Section 11 - Configuration String Details
-----------------------------------------
Use the "-detail" map option to print out Configuration Strings

Section 12 - Control Set Information
------------------------------------
No control set information for this architecture.

Section 13 - Utilization by Hierarchy
-------------------------------------
Use the "-detail" map option to print out the Utilization by Hierarchy section.
