Release 14.7 - xst P.20131013 (nt64)
Copyright (c) 1995-2013 Xilinx, Inc.  All rights reserved.
--> Parameter TMPDIR set to xst/projnav.tmp


Total REAL time to Xst completion: 0.00 secs
Total CPU time to Xst completion: 0.14 secs
 
--> Parameter xsthdpdir set to xst


Total REAL time to Xst completion: 0.00 secs
Total CPU time to Xst completion: 0.14 secs
 
--> Reading design: mod_Multiply.prj

TABLE OF CONTENTS
  1) Synthesis Options Summary
  2) HDL Compilation
  3) Design Hierarchy Analysis
  4) HDL Analysis
  5) HDL Synthesis
     5.1) HDL Synthesis Report
  6) Advanced HDL Synthesis
     6.1) Advanced HDL Synthesis Report
  7) Low Level Synthesis
  8) Partition Report
  9) Final Report
	9.1) Device utilization summary
	9.2) Partition Resource Summary
	9.3) TIMING REPORT


=========================================================================
*                      Synthesis Options Summary                        *
=========================================================================
---- Source Parameters
Input File Name                    : "mod_Multiply.prj"
Input Format                       : mixed
Ignore Synthesis Constraint File   : NO

---- Target Parameters
Output File Name                   : "mod_Multiply"
Output Format                      : NGC
Target Device                      : xc3s100e-5-cp132

---- Source Options
Top Module Name                    : mod_Multiply
Automatic FSM Extraction           : YES
FSM Encoding Algorithm             : Auto
Safe Implementation                : No
FSM Style                          : LUT
RAM Extraction                     : Yes
RAM Style                          : Auto
ROM Extraction                     : Yes
Mux Style                          : Auto
Decoder Extraction                 : YES
Priority Encoder Extraction        : Yes
Shift Register Extraction          : YES
Logical Shifter Extraction         : YES
XOR Collapsing                     : YES
ROM Style                          : Auto
Mux Extraction                     : Yes
Resource Sharing                   : YES
Asynchronous To Synchronous        : NO
Multiplier Style                   : Auto
Automatic Register Balancing       : No

---- Target Options
Add IO Buffers                     : YES
Global Maximum Fanout              : 500
Add Generic Clock Buffer(BUFG)     : 24
Register Duplication               : YES
Slice Packing                      : YES
Optimize Instantiated Primitives   : NO
Use Clock Enable                   : Yes
Use Synchronous Set                : Yes
Use Synchronous Reset              : Yes
Pack IO Registers into IOBs        : Auto
Equivalent register Removal        : YES

---- General Options
Optimization Goal                  : Speed
Optimization Effort                : 1
Keep Hierarchy                     : No
Netlist Hierarchy                  : As_Optimized
RTL Output                         : Yes
Global Optimization                : AllClockNets
Read Cores                         : YES
Write Timing Constraints           : NO
Cross Clock Analysis               : NO
Hierarchy Separator                : /
Bus Delimiter                      : <>
Case Specifier                     : Maintain
Slice Utilization Ratio            : 100
BRAM Utilization Ratio             : 100
Verilog 2001                       : YES
Auto BRAM Packing                  : NO
Slice Utilization Ratio Delta      : 5

=========================================================================


=========================================================================
*                          HDL Compilation                              *
=========================================================================
Compiling verilog file "MULTIPLY_mod.v" in library work
Module <mod_Multiply> compiled
No errors in compilation
Analysis of file <"mod_Multiply.prj"> succeeded.
 

=========================================================================
*                     Design Hierarchy Analysis                         *
=========================================================================
Analyzing hierarchy for module <mod_Multiply> in library <work>.


=========================================================================
*                            HDL Analysis                               *
=========================================================================
Analyzing top module <mod_Multiply>.
Module <mod_Multiply> is correct for synthesis.
 

=========================================================================
*                           HDL Synthesis                               *
=========================================================================

Performing bidirectional port resolution...

Synthesizing Unit <mod_Multiply>.
    Related source file is "MULTIPLY_mod.v".
    Found 16-bit register for signal <out_Out>.
    Found 1-bit register for signal <out_Ready>.
    Found 5-bit register for signal <exponentMidReg>.
    Found 5-bit subtractor for signal <exponentWire>.
    Found 5-bit adder for signal <exponentWire$addsub0000> created at line 33.
    Found 5-bit adder for signal <exponentWireOut>.
    Found 11-bit register for signal <fractionMidReg>.
    Found 1-bit register for signal <readyMidReg>.
    Found 1-bit register for signal <signMidReg>.
    Found 1-bit xor2 for signal <signWire>.
    Summary:
	inferred  35 D-type flip-flop(s).
	inferred   3 Adder/Subtractor(s).
Unit <mod_Multiply> synthesized.


=========================================================================
HDL Synthesis Report

Macro Statistics
# Adders/Subtractors                                   : 3
 5-bit adder                                           : 2
 5-bit subtractor                                      : 1
# Registers                                            : 6
 1-bit register                                        : 3
 11-bit register                                       : 1
 16-bit register                                       : 1
 5-bit register                                        : 1
# Xors                                                 : 1
 1-bit xor2                                            : 1

=========================================================================

=========================================================================
*                       Advanced HDL Synthesis                          *
=========================================================================

WARNING:Xst:1710 - FF/Latch <out_Out_9> (without init value) has a constant value of 0 in block <mod_Multiply>. This FF/Latch will be trimmed during the optimization process.
WARNING:Xst:1895 - Due to other FF/Latch trimming, FF/Latch <out_Out_8> (without init value) has a constant value of 0 in block <mod_Multiply>. This FF/Latch will be trimmed during the optimization process.
WARNING:Xst:1895 - Due to other FF/Latch trimming, FF/Latch <out_Out_7> (without init value) has a constant value of 0 in block <mod_Multiply>. This FF/Latch will be trimmed during the optimization process.
WARNING:Xst:1895 - Due to other FF/Latch trimming, FF/Latch <out_Out_6> (without init value) has a constant value of 0 in block <mod_Multiply>. This FF/Latch will be trimmed during the optimization process.
WARNING:Xst:1895 - Due to other FF/Latch trimming, FF/Latch <out_Out_5> (without init value) has a constant value of 0 in block <mod_Multiply>. This FF/Latch will be trimmed during the optimization process.
WARNING:Xst:1895 - Due to other FF/Latch trimming, FF/Latch <out_Out_4> (without init value) has a constant value of 0 in block <mod_Multiply>. This FF/Latch will be trimmed during the optimization process.
WARNING:Xst:1895 - Due to other FF/Latch trimming, FF/Latch <out_Out_3> (without init value) has a constant value of 0 in block <mod_Multiply>. This FF/Latch will be trimmed during the optimization process.
WARNING:Xst:1895 - Due to other FF/Latch trimming, FF/Latch <out_Out_2> (without init value) has a constant value of 0 in block <mod_Multiply>. This FF/Latch will be trimmed during the optimization process.
WARNING:Xst:1895 - Due to other FF/Latch trimming, FF/Latch <out_Out_1> (without init value) has a constant value of 0 in block <mod_Multiply>. This FF/Latch will be trimmed during the optimization process.
WARNING:Xst:1895 - Due to other FF/Latch trimming, FF/Latch <out_Out_0> (without init value) has a constant value of 0 in block <mod_Multiply>. This FF/Latch will be trimmed during the optimization process.
WARNING:Xst:1895 - Due to other FF/Latch trimming, FF/Latch <fractionMidReg_10> (without init value) has a constant value of 0 in block <mod_Multiply>. This FF/Latch will be trimmed during the optimization process.
WARNING:Xst:1895 - Due to other FF/Latch trimming, FF/Latch <fractionMidReg_9> (without init value) has a constant value of 0 in block <mod_Multiply>. This FF/Latch will be trimmed during the optimization process.
WARNING:Xst:1895 - Due to other FF/Latch trimming, FF/Latch <fractionMidReg_8> (without init value) has a constant value of 0 in block <mod_Multiply>. This FF/Latch will be trimmed during the optimization process.
WARNING:Xst:1895 - Due to other FF/Latch trimming, FF/Latch <fractionMidReg_7> (without init value) has a constant value of 0 in block <mod_Multiply>. This FF/Latch will be trimmed during the optimization process.
WARNING:Xst:1895 - Due to other FF/Latch trimming, FF/Latch <fractionMidReg_6> (without init value) has a constant value of 0 in block <mod_Multiply>. This FF/Latch will be trimmed during the optimization process.
WARNING:Xst:1895 - Due to other FF/Latch trimming, FF/Latch <fractionMidReg_5> (without init value) has a constant value of 0 in block <mod_Multiply>. This FF/Latch will be trimmed during the optimization process.
WARNING:Xst:1895 - Due to other FF/Latch trimming, FF/Latch <fractionMidReg_4> (without init value) has a constant value of 0 in block <mod_Multiply>. This FF/Latch will be trimmed during the optimization process.
WARNING:Xst:1895 - Due to other FF/Latch trimming, FF/Latch <fractionMidReg_3> (without init value) has a constant value of 0 in block <mod_Multiply>. This FF/Latch will be trimmed during the optimization process.
WARNING:Xst:1895 - Due to other FF/Latch trimming, FF/Latch <fractionMidReg_2> (without init value) has a constant value of 0 in block <mod_Multiply>. This FF/Latch will be trimmed during the optimization process.
WARNING:Xst:1895 - Due to other FF/Latch trimming, FF/Latch <fractionMidReg_1> (without init value) has a constant value of 0 in block <mod_Multiply>. This FF/Latch will be trimmed during the optimization process.
WARNING:Xst:1895 - Due to other FF/Latch trimming, FF/Latch <fractionMidReg_0> (without init value) has a constant value of 0 in block <mod_Multiply>. This FF/Latch will be trimmed during the optimization process.
WARNING:Xst:2404 -  FFs/Latches <fractionMidReg<10:0>> (without init value) have a constant value of 0 in block <mod_Multiply>.

=========================================================================
Advanced HDL Synthesis Report

Macro Statistics
# Adders/Subtractors                                   : 3
 5-bit adder                                           : 2
 5-bit subtractor                                      : 1
# Registers                                            : 24
 Flip-Flops                                            : 24
# Xors                                                 : 1
 1-bit xor2                                            : 1

=========================================================================

=========================================================================
*                         Low Level Synthesis                           *
=========================================================================
WARNING:Xst:1710 - FF/Latch <out_Out_0> (without init value) has a constant value of 0 in block <mod_Multiply>. This FF/Latch will be trimmed during the optimization process.
WARNING:Xst:1895 - Due to other FF/Latch trimming, FF/Latch <out_Out_1> (without init value) has a constant value of 0 in block <mod_Multiply>. This FF/Latch will be trimmed during the optimization process.
WARNING:Xst:1895 - Due to other FF/Latch trimming, FF/Latch <out_Out_2> (without init value) has a constant value of 0 in block <mod_Multiply>. This FF/Latch will be trimmed during the optimization process.
WARNING:Xst:1895 - Due to other FF/Latch trimming, FF/Latch <out_Out_3> (without init value) has a constant value of 0 in block <mod_Multiply>. This FF/Latch will be trimmed during the optimization process.
WARNING:Xst:1895 - Due to other FF/Latch trimming, FF/Latch <out_Out_4> (without init value) has a constant value of 0 in block <mod_Multiply>. This FF/Latch will be trimmed during the optimization process.
WARNING:Xst:1895 - Due to other FF/Latch trimming, FF/Latch <out_Out_5> (without init value) has a constant value of 0 in block <mod_Multiply>. This FF/Latch will be trimmed during the optimization process.
WARNING:Xst:1895 - Due to other FF/Latch trimming, FF/Latch <out_Out_6> (without init value) has a constant value of 0 in block <mod_Multiply>. This FF/Latch will be trimmed during the optimization process.
WARNING:Xst:1895 - Due to other FF/Latch trimming, FF/Latch <out_Out_7> (without init value) has a constant value of 0 in block <mod_Multiply>. This FF/Latch will be trimmed during the optimization process.
WARNING:Xst:1895 - Due to other FF/Latch trimming, FF/Latch <out_Out_8> (without init value) has a constant value of 0 in block <mod_Multiply>. This FF/Latch will be trimmed during the optimization process.
WARNING:Xst:1895 - Due to other FF/Latch trimming, FF/Latch <out_Out_9> (without init value) has a constant value of 0 in block <mod_Multiply>. This FF/Latch will be trimmed during the optimization process.

Optimizing unit <mod_Multiply> ...

Mapping all equations...
Building and optimizing final netlist ...
Found area constraint ratio of 100 (+ 5) on block mod_Multiply, actual ratio is 1.

Final Macro Processing ...

=========================================================================
Final Register Report

Macro Statistics
# Registers                                            : 14
 Flip-Flops                                            : 14

=========================================================================

=========================================================================
*                           Partition Report                            *
=========================================================================

Partition Implementation Status
-------------------------------

  No Partitions were found in this design.

-------------------------------

=========================================================================
*                            Final Report                               *
=========================================================================
Final Results
RTL Top Level Output File Name     : mod_Multiply.ngr
Top Level Output File Name         : mod_Multiply
Output Format                      : NGC
Optimization Goal                  : Speed
Keep Hierarchy                     : No

Design Statistics
# IOs                              : 52

Cell Usage :
# BELS                             : 24
#      GND                         : 1
#      INV                         : 2
#      LUT2                        : 7
#      LUT3                        : 1
#      LUT4                        : 2
#      MUXCY                       : 4
#      MUXF5                       : 1
#      VCC                         : 1
#      XORCY                       : 5
# FlipFlops/Latches                : 14
#      FDC                         : 7
#      FDCE                        : 7
# Clock Buffers                    : 1
#      BUFGP                       : 1
# IO Buffers                       : 31
#      IBUF                        : 14
#      OBUF                        : 17
=========================================================================

Device utilization summary:
---------------------------

Selected Device : 3s100ecp132-5 

 Number of Slices:                       12  out of    960     1%  
 Number of Slice Flip Flops:             14  out of   1920     0%  
 Number of 4 input LUTs:                 12  out of   1920     0%  
 Number of IOs:                          52
 Number of bonded IOBs:                  32  out of     83    38%  
 Number of GCLKs:                         1  out of     24     4%  

---------------------------
Partition Resource Summary:
---------------------------

  No Partitions were found in this design.

---------------------------


=========================================================================
TIMING REPORT

NOTE: THESE TIMING NUMBERS ARE ONLY A SYNTHESIS ESTIMATE.
      FOR ACCURATE TIMING INFORMATION PLEASE REFER TO THE TRACE REPORT
      GENERATED AFTER PLACE-and-ROUTE.

Clock Information:
------------------
-----------------------------------+------------------------+-------+
Clock Signal                       | Clock buffer(FF name)  | Load  |
-----------------------------------+------------------------+-------+
clk                                | BUFGP                  | 14    |
-----------------------------------+------------------------+-------+

Asynchronous Control Signals Information:
----------------------------------------
-----------------------------------+------------------------+-------+
Control Signal                     | Buffer(FF name)        | Load  |
-----------------------------------+------------------------+-------+
rst                                | IBUF                   | 14    |
-----------------------------------+------------------------+-------+

Timing Summary:
---------------
Speed Grade: -5

   Minimum period: 1.139ns (Maximum Frequency: 877.963MHz)
   Minimum input arrival time before clock: 5.174ns
   Maximum output required time after clock: 4.040ns
   Maximum combinational path delay: No path found

Timing Detail:
--------------
All values displayed in nanoseconds (ns)

=========================================================================
Timing constraint: Default period analysis for Clock 'clk'
  Clock period: 1.139ns (frequency: 877.963MHz)
  Total number of paths / destination ports: 7 / 7
-------------------------------------------------------------------------
Delay:               1.139ns (Levels of Logic = 0)
  Source:            readyMidReg (FF)
  Destination:       out_Ready (FF)
  Source Clock:      clk rising
  Destination Clock: clk rising

  Data Path: readyMidReg to out_Ready
                                Gate     Net
    Cell:in->out      fanout   Delay   Delay  Logical Name (Net Name)
    ----------------------------------------  ------------
     FDCE:C->Q             1   0.514   0.357  readyMidReg (readyMidReg)
     FDC:D                     0.268          out_Ready
    ----------------------------------------
    Total                      1.139ns (0.782ns logic, 0.357ns route)
                                       (68.7% logic, 31.3% route)

=========================================================================
Timing constraint: Default OFFSET IN BEFORE for Clock 'clk'
  Total number of paths / destination ports: 113 / 13
-------------------------------------------------------------------------
Offset:              5.174ns (Levels of Logic = 9)
  Source:            in_A<10> (PAD)
  Destination:       exponentMidReg_4 (FF)
  Destination Clock: clk rising

  Data Path: in_A<10> to exponentMidReg_4
                                Gate     Net
    Cell:in->out      fanout   Delay   Delay  Logical Name (Net Name)
    ----------------------------------------  ------------
     IBUF:I->O             1   1.106   0.509  in_A_10_IBUF (in_A_10_IBUF)
     LUT2:I0->O            1   0.612   0.000  Madd_exponentWire_addsub0000_lut<0> (Madd_exponentWire_addsub0000_lut<0>)
     MUXCY:S->O            1   0.404   0.000  Madd_exponentWire_addsub0000_cy<0> (Madd_exponentWire_addsub0000_cy<0>)
     MUXCY:CI->O           1   0.052   0.000  Madd_exponentWire_addsub0000_cy<1> (Madd_exponentWire_addsub0000_cy<1>)
     MUXCY:CI->O           1   0.052   0.000  Madd_exponentWire_addsub0000_cy<2> (Madd_exponentWire_addsub0000_cy<2>)
     MUXCY:CI->O           0   0.052   0.000  Madd_exponentWire_addsub0000_cy<3> (Madd_exponentWire_addsub0000_cy<3>)
     XORCY:CI->O           2   0.699   0.532  Madd_exponentWire_addsub0000_xor<4> (exponentWire_addsub0000<4>)
     LUT4:I0->O            1   0.612   0.000  Msub_exponentWire_xor<4>111 (Msub_exponentWire_xor<4>11)
     MUXF5:I1->O           1   0.278   0.000  Msub_exponentWire_xor<4>11_f5 (exponentWire<4>)
     FDCE:D                    0.268          exponentMidReg_4
    ----------------------------------------
    Total                      5.174ns (4.134ns logic, 1.041ns route)
                                       (79.9% logic, 20.1% route)

=========================================================================
Timing constraint: Default OFFSET OUT AFTER for Clock 'clk'
  Total number of paths / destination ports: 7 / 7
-------------------------------------------------------------------------
Offset:              4.040ns (Levels of Logic = 1)
  Source:            out_Ready (FF)
  Destination:       out_Ready (PAD)
  Source Clock:      clk rising

  Data Path: out_Ready to out_Ready
                                Gate     Net
    Cell:in->out      fanout   Delay   Delay  Logical Name (Net Name)
    ----------------------------------------  ------------
     FDC:C->Q              1   0.514   0.357  out_Ready (out_Ready_OBUF)
     OBUF:I->O                 3.169          out_Ready_OBUF (out_Ready)
    ----------------------------------------
    Total                      4.040ns (3.683ns logic, 0.357ns route)
                                       (91.2% logic, 8.8% route)

=========================================================================


Total REAL time to Xst completion: 7.00 secs
Total CPU time to Xst completion: 7.61 secs
 
--> 

Total memory usage is 305896 kilobytes

Number of errors   :    0 (   0 filtered)
Number of warnings :   32 (   0 filtered)
Number of infos    :    0 (   0 filtered)

