Release 14.7 - xst P.20131013 (nt64)
Copyright (c) 1995-2013 Xilinx, Inc.  All rights reserved.
--> Parameter TMPDIR set to xst/projnav.tmp


Total REAL time to Xst completion: 1.00 secs
Total CPU time to Xst completion: 0.11 secs
 
--> Parameter xsthdpdir set to xst


Total REAL time to Xst completion: 1.00 secs
Total CPU time to Xst completion: 0.11 secs
 
--> Reading design: mod_ActivFuncStage.prj

TABLE OF CONTENTS
  1) Synthesis Options Summary
  2) HDL Compilation
  3) Design Hierarchy Analysis
  4) HDL Analysis
  5) HDL Synthesis
     5.1) HDL Synthesis Report
  6) Advanced HDL Synthesis
     6.1) Advanced HDL Synthesis Report
  7) Low Level Synthesis
  8) Partition Report
  9) Final Report
	9.1) Device utilization summary
	9.2) Partition Resource Summary
	9.3) TIMING REPORT


=========================================================================
*                      Synthesis Options Summary                        *
=========================================================================
---- Source Parameters
Input File Name                    : "mod_ActivFuncStage.prj"
Input Format                       : mixed
Ignore Synthesis Constraint File   : NO

---- Target Parameters
Output File Name                   : "mod_ActivFuncStage"
Output Format                      : NGC
Target Device                      : xc3s100e-5-cp132

---- Source Options
Top Module Name                    : mod_ActivFuncStage
Automatic FSM Extraction           : YES
FSM Encoding Algorithm             : Auto
Safe Implementation                : No
FSM Style                          : LUT
RAM Extraction                     : Yes
RAM Style                          : Auto
ROM Extraction                     : Yes
Mux Style                          : Auto
Decoder Extraction                 : YES
Priority Encoder Extraction        : Yes
Shift Register Extraction          : YES
Logical Shifter Extraction         : YES
XOR Collapsing                     : YES
ROM Style                          : Auto
Mux Extraction                     : Yes
Resource Sharing                   : YES
Asynchronous To Synchronous        : NO
Multiplier Style                   : Auto
Automatic Register Balancing       : No

---- Target Options
Add IO Buffers                     : YES
Global Maximum Fanout              : 100000
Add Generic Clock Buffer(BUFG)     : 24
Register Duplication               : YES
Slice Packing                      : YES
Optimize Instantiated Primitives   : NO
Use Clock Enable                   : Yes
Use Synchronous Set                : Yes
Use Synchronous Reset              : Yes
Pack IO Registers into IOBs        : Auto
Equivalent register Removal        : YES

---- General Options
Optimization Goal                  : Speed
Optimization Effort                : 1
Keep Hierarchy                     : No
Netlist Hierarchy                  : As_Optimized
RTL Output                         : Yes
Global Optimization                : AllClockNets
Read Cores                         : YES
Write Timing Constraints           : NO
Cross Clock Analysis               : NO
Hierarchy Separator                : /
Bus Delimiter                      : <>
Case Specifier                     : Maintain
Slice Utilization Ratio            : 100
BRAM Utilization Ratio             : 100
Verilog 2001                       : YES
Auto BRAM Packing                  : NO
Slice Utilization Ratio Delta      : 5

=========================================================================


=========================================================================
*                          HDL Compilation                              *
=========================================================================
Compiling verilog file "mod_TanHFunc.v" in library work
Compiling verilog file "mod_StepFunc.v" in library work
Module <mod_TanHFunc> compiled
Compiling verilog file "mod_ReluFunc.v" in library work
Module <mod_StepFunc> compiled
Compiling verilog file "mod_ActivationFunc.v" in library work
Module <mod_ReluFunc> compiled
Compiling verilog file "mod_ActivFuncStage.v" in library work
Module <mod_ActivationFunc> compiled
Module <mod_ActivFuncStage> compiled
No errors in compilation
Analysis of file <"mod_ActivFuncStage.prj"> succeeded.
 

=========================================================================
*                     Design Hierarchy Analysis                         *
=========================================================================
Analyzing hierarchy for module <mod_ActivFuncStage> in library <work>.

Analyzing hierarchy for module <mod_ActivationFunc> in library <work>.

Analyzing hierarchy for module <mod_ReluFunc> in library <work>.

Analyzing hierarchy for module <mod_TanHFunc> in library <work>.

Analyzing hierarchy for module <mod_StepFunc> in library <work>.


=========================================================================
*                            HDL Analysis                               *
=========================================================================
Analyzing top module <mod_ActivFuncStage>.
Module <mod_ActivFuncStage> is correct for synthesis.
 
Analyzing module <mod_ActivationFunc> in library <work>.
Module <mod_ActivationFunc> is correct for synthesis.
 
Analyzing module <mod_ReluFunc> in library <work>.
Module <mod_ReluFunc> is correct for synthesis.
 
Analyzing module <mod_TanHFunc> in library <work>.
Module <mod_TanHFunc> is correct for synthesis.
 
Analyzing module <mod_StepFunc> in library <work>.
Module <mod_StepFunc> is correct for synthesis.
 

=========================================================================
*                           HDL Synthesis                               *
=========================================================================

Performing bidirectional port resolution...

Synthesizing Unit <mod_ReluFunc>.
    Related source file is "mod_ReluFunc.v".
Unit <mod_ReluFunc> synthesized.


Synthesizing Unit <mod_TanHFunc>.
    Related source file is "mod_TanHFunc.v".
    Found 5-bit comparator greatequal for signal <outVal$cmp_ge0000> created at line 24.
    Summary:
	inferred   1 Comparator(s).
Unit <mod_TanHFunc> synthesized.


Synthesizing Unit <mod_StepFunc>.
    Related source file is "mod_StepFunc.v".
WARNING:Xst:647 - Input <inVal<14:0>> is never used. This port will be preserved and left unconnected if it belongs to a top-level block or it belongs to a sub-block and the hierarchy of this sub-block is preserved.
Unit <mod_StepFunc> synthesized.


Synthesizing Unit <mod_ActivationFunc>.
    Related source file is "mod_ActivationFunc.v".
    Found 16-bit 4-to-1 multiplexer for signal <outVal>.
    Summary:
	inferred  16 Multiplexer(s).
Unit <mod_ActivationFunc> synthesized.


Synthesizing Unit <mod_ActivFuncStage>.
    Related source file is "mod_ActivFuncStage.v".
WARNING:Xst:647 - Input <inDest<15:1>> is never used. This port will be preserved and left unconnected if it belongs to a top-level block or it belongs to a sub-block and the hierarchy of this sub-block is preserved.
WARNING:Xst:646 - Signal <writeToReg> is assigned but never used. This unconnected signal will be trimmed during the optimization process.
    Found finite state machine <FSM_0> for signal <stage>.
    -----------------------------------------------------------------------
    | States             | 3                                              |
    | Transitions        | 4                                              |
    | Inputs             | 1                                              |
    | Outputs            | 2                                              |
    | Clock              | clk                       (rising_edge)        |
    | Reset              | rst                       (positive)           |
    | Reset type         | asynchronous                                   |
    | Reset State        | 00                                             |
    | Power Up State     | 00                                             |
    | Encoding           | automatic                                      |
    | Implementation     | LUT                                            |
    -----------------------------------------------------------------------
    Found 16-bit register for signal <outVal>.
    Summary:
	inferred   1 Finite State Machine(s).
	inferred  16 D-type flip-flop(s).
Unit <mod_ActivFuncStage> synthesized.


=========================================================================
HDL Synthesis Report

Macro Statistics
# Registers                                            : 1
 16-bit register                                       : 1
# Comparators                                          : 1
 5-bit comparator greatequal                           : 1
# Multiplexers                                         : 1
 16-bit 4-to-1 multiplexer                             : 1

=========================================================================

=========================================================================
*                       Advanced HDL Synthesis                          *
=========================================================================

Analyzing FSM <FSM_0> for best encoding.
Optimizing FSM <stage/FSM> on signal <stage[1:2]> with gray encoding.
-------------------
 State | Encoding
-------------------
 00    | 00
 01    | 01
 10    | 11
-------------------

=========================================================================
Advanced HDL Synthesis Report

Macro Statistics
# FSMs                                                 : 1
# Registers                                            : 16
 Flip-Flops                                            : 16
# Comparators                                          : 1
 5-bit comparator greatequal                           : 1
# Multiplexers                                         : 1
 16-bit 4-to-1 multiplexer                             : 1

=========================================================================

=========================================================================
*                         Low Level Synthesis                           *
=========================================================================

Optimizing unit <mod_ActivFuncStage> ...

Mapping all equations...
Building and optimizing final netlist ...
Found area constraint ratio of 100 (+ 5) on block mod_ActivFuncStage, actual ratio is 2.

Final Macro Processing ...

=========================================================================
Final Register Report

Macro Statistics
# Registers                                            : 18
 Flip-Flops                                            : 18

=========================================================================

=========================================================================
*                           Partition Report                            *
=========================================================================

Partition Implementation Status
-------------------------------

  No Partitions were found in this design.

-------------------------------

=========================================================================
*                            Final Report                               *
=========================================================================
Final Results
RTL Top Level Output File Name     : mod_ActivFuncStage.ngr
Top Level Output File Name         : mod_ActivFuncStage
Output Format                      : NGC
Optimization Goal                  : Speed
Keep Hierarchy                     : No

Design Statistics
# IOs                              : 56

Cell Usage :
# BELS                             : 30
#      LUT2                        : 12
#      LUT3                        : 5
#      LUT4                        : 7
#      MUXF5                       : 5
#      VCC                         : 1
# FlipFlops/Latches                : 18
#      FDC                         : 1
#      FDCE                        : 17
# Clock Buffers                    : 1
#      BUFGP                       : 1
# IO Buffers                       : 40
#      IBUF                        : 21
#      OBUF                        : 19
=========================================================================

Device utilization summary:
---------------------------

Selected Device : 3s100ecp132-5 

 Number of Slices:                       14  out of    960     1%  
 Number of Slice Flip Flops:             18  out of   1920     0%  
 Number of 4 input LUTs:                 24  out of   1920     1%  
 Number of IOs:                          56
 Number of bonded IOBs:                  41  out of     83    49%  
 Number of GCLKs:                         1  out of     24     4%  

---------------------------
Partition Resource Summary:
---------------------------

  No Partitions were found in this design.

---------------------------


=========================================================================
TIMING REPORT

NOTE: THESE TIMING NUMBERS ARE ONLY A SYNTHESIS ESTIMATE.
      FOR ACCURATE TIMING INFORMATION PLEASE REFER TO THE TRACE REPORT
      GENERATED AFTER PLACE-and-ROUTE.

Clock Information:
------------------
-----------------------------------+------------------------+-------+
Clock Signal                       | Clock buffer(FF name)  | Load  |
-----------------------------------+------------------------+-------+
clk                                | BUFGP                  | 18    |
-----------------------------------+------------------------+-------+

Asynchronous Control Signals Information:
----------------------------------------
-----------------------------------+------------------------+-------+
Control Signal                     | Buffer(FF name)        | Load  |
-----------------------------------+------------------------+-------+
rst                                | IBUF                   | 18    |
-----------------------------------+------------------------+-------+

Timing Summary:
---------------
Speed Grade: -5

   Minimum period: 3.008ns (Maximum Frequency: 332.419MHz)
   Minimum input arrival time before clock: 5.270ns
   Maximum output required time after clock: 5.278ns
   Maximum combinational path delay: 4.632ns

Timing Detail:
--------------
All values displayed in nanoseconds (ns)

=========================================================================
Timing constraint: Default period analysis for Clock 'clk'
  Clock period: 3.008ns (frequency: 332.419MHz)
  Total number of paths / destination ports: 17 / 17
-------------------------------------------------------------------------
Delay:               3.008ns (Levels of Logic = 1)
  Source:            stage_FSM_FFd2 (FF)
  Destination:       outVal_0 (FF)
  Source Clock:      clk rising
  Destination Clock: clk rising

  Data Path: stage_FSM_FFd2 to outVal_0
                                Gate     Net
    Cell:in->out      fanout   Delay   Delay  Logical Name (Net Name)
    ----------------------------------------  ------------
     FDCE:C->Q             3   0.514   0.520  stage_FSM_FFd2 (stage_FSM_FFd2)
     LUT2:I1->O           16   0.612   0.879  outVal_not00011 (outVal_not0001)
     FDCE:CE                   0.483          outVal_0
    ----------------------------------------
    Total                      3.008ns (1.609ns logic, 1.399ns route)
                                       (53.5% logic, 46.5% route)

=========================================================================
Timing constraint: Default OFFSET IN BEFORE for Clock 'clk'
  Total number of paths / destination ports: 146 / 33
-------------------------------------------------------------------------
Offset:              5.270ns (Levels of Logic = 5)
  Source:            inVal<10> (PAD)
  Destination:       outVal_0 (FF)
  Destination Clock: clk rising

  Data Path: inVal<10> to outVal_0
                                Gate     Net
    Cell:in->out      fanout   Delay   Delay  Logical Name (Net Name)
    ----------------------------------------  ------------
     IBUF:I->O             3   1.106   0.603  inVal_10_IBUF (inVal_10_IBUF)
     LUT4:I0->O            1   0.612   0.000  actFun/Mmux_outVal11137_SW01 (actFun/Mmux_outVal11137_SW0)
     MUXF5:I0->O           1   0.278   0.360  actFun/Mmux_outVal11137_SW0_f5 (N4)
     LUT4:I3->O           10   0.612   0.819  actFun/Mmux_outVal11137 (N01)
     LUT2:I1->O            1   0.612   0.000  actFun/Mmux_outVal91 (muxOut<2>)
     FDCE:D                    0.268          outVal_2
    ----------------------------------------
    Total                      5.270ns (3.488ns logic, 1.782ns route)
                                       (66.2% logic, 33.8% route)

=========================================================================
Timing constraint: Default OFFSET OUT AFTER for Clock 'clk'
  Total number of paths / destination ports: 20 / 18
-------------------------------------------------------------------------
Offset:              5.278ns (Levels of Logic = 2)
  Source:            stage_FSM_FFd2 (FF)
  Destination:       outWE (PAD)
  Source Clock:      clk rising

  Data Path: stage_FSM_FFd2 to outWE
                                Gate     Net
    Cell:in->out      fanout   Delay   Delay  Logical Name (Net Name)
    ----------------------------------------  ------------
     FDCE:C->Q             3   0.514   0.603  stage_FSM_FFd2 (stage_FSM_FFd2)
     LUT2:I0->O            2   0.612   0.380  stage_FSM_Out11 (finishedNeuronOp_OBUF)
     OBUF:I->O                 3.169          outWE_OBUF (outWE)
    ----------------------------------------
    Total                      5.278ns (4.295ns logic, 0.983ns route)
                                       (81.4% logic, 18.6% route)

=========================================================================
Timing constraint: Default path analysis
  Total number of paths / destination ports: 1 / 1
-------------------------------------------------------------------------
Delay:               4.632ns (Levels of Logic = 2)
  Source:            inDest<0> (PAD)
  Destination:       outDest (PAD)

  Data Path: inDest<0> to outDest
                                Gate     Net
    Cell:in->out      fanout   Delay   Delay  Logical Name (Net Name)
    ----------------------------------------  ------------
     IBUF:I->O             1   1.106   0.357  inDest_0_IBUF (outDest_OBUF)
     OBUF:I->O                 3.169          outDest_OBUF (outDest)
    ----------------------------------------
    Total                      4.632ns (4.275ns logic, 0.357ns route)
                                       (92.3% logic, 7.7% route)

=========================================================================


Total REAL time to Xst completion: 6.00 secs
Total CPU time to Xst completion: 5.62 secs
 
--> 

Total memory usage is 322024 kilobytes

Number of errors   :    0 (   0 filtered)
Number of warnings :    3 (   0 filtered)
Number of infos    :    0 (   0 filtered)

