Command line:
   TheNeuroSpider_TheNeuroSpider_sch_tb_isim_beh.exe
     -simmode  gui
     -simrunnum  0
     -socket  58344

Thu Oct 19 06:24:32 2017


 Elaboration Time: 0.078125 sec

 Current Memory Usage: 1003.34 Meg

 Total Signals          : 483
 Total Nets             : 1080
 Total Signal Drivers   : 119
 Total Blocks           : 60
 Total Primitive Blocks : 42
 Total Processes        : 173
 Total Traceable Variables  : 125
 Total Scalar Nets and Variables : 1575419
Total Line Count : 607

 Total Simulation Time: 0.171875 sec

 Current Memory Usage: 846.057 Meg

Thu Oct 19 06:25:48 2017

