Command line:
   mod_MulStage_mod_MulStage_sch_tb_isim_beh.exe
     -simmode  gui
     -simrunnum  0
     -socket  53967

Thu Oct 12 07:54:03 2017


 Elaboration Time: 0.046875 sec

 Current Memory Usage: 999.141 Meg

 Total Signals          : 52
 Total Nets             : 139
 Total Signal Drivers   : 24
 Total Blocks           : 6
 Total Primitive Blocks : 4
 Total Processes        : 30
 Total Traceable Variables  : 32
 Total Scalar Nets and Variables : 308
Total Line Count : 106

 Total Simulation Time: 0.078125 sec

 Current Memory Usage: 841.855 Meg

Thu Oct 12 07:55:19 2017

