Command line:
   mod_ParamRouter_mod_ParamRouter_sch_tb_isim_beh.exe
     -simmode  gui
     -simrunnum  0
     -socket  59675

Sat Oct 14 18:36:52 2017


 Elaboration Time: 0.046875 sec

 Current Memory Usage: 999.158 Meg

 Total Signals          : 173
 Total Nets             : 461
 Total Signal Drivers   : 47
 Total Blocks           : 26
 Total Primitive Blocks : 20
 Total Processes        : 65
 Total Traceable Variables  : 51
 Total Scalar Nets and Variables : 980
Total Line Count : 167

 Total Simulation Time: 0.15625 sec

 Current Memory Usage: 999.158 Meg

Sat Oct 14 18:42:26 2017

