Command line:
   mod_CacheMux_mod_CacheMux_sch_tb_isim_beh.exe
     -simmode  gui
     -simrunnum  1
     -socket  59310

Sat Oct 14 16:35:59 2017


 Elaboration Time: 0.0625 sec

 Current Memory Usage: 999.096 Meg

 Total Signals          : 43
 Total Nets             : 161
 Total Signal Drivers   : 18
 Total Blocks           : 7
 Total Primitive Blocks : 5
 Total Processes        : 23
 Total Traceable Variables  : 30
 Total Scalar Nets and Variables : 388
Total Line Count : 45

 Total Simulation Time: 0.203125 sec

 Current Memory Usage: 999.096 Meg

Sat Oct 14 16:36:27 2017

