Command line:
   calcShift_isim_beh.exe
     -simmode  gui
     -simrunnum  0
     -socket  53540

Thu Oct 12 06:10:07 2017


 Elaboration Time: 0.03125 sec

 Current Memory Usage: 999.67 Meg

 Total Signals          : 14
 Total Nets             : 30
 Total Signal Drivers   : 7
 Total Blocks           : 2
 Total Primitive Blocks : 2
 Total Processes        : 10
 Total Traceable Variables  : 20
 Total Scalar Nets and Variables : 115
Total Line Count : 46

 Total Simulation Time: 0.046875 sec

 Current Memory Usage: 999.67 Meg

Thu Oct 12 06:10:13 2017

